<?xml version="1.0" encoding="UTF-8" ?>
<testsuite failures="0" time="1.125" errors="0" skipped="0" tests="2" name="org.springframework.sample.batch.example.ExampleJobConfigurationTests">
  <properties>
[...]
</properties>
  <testcase time="0.938" classname="org.springframework.sample.batch.example.ExampleJobConfigurationTests" name="testSimpleProperties"/>
  <testcase time="0.156" classname="org.springframework.sample.batch.example.ExampleJobConfigurationTests" name="testLaunchJob"/>
</testsuite>